<?xml version="1.0" encoding="UTF-8"?>
<testsuite name="Test.Dcr.Indicadores.Cadastro.Indicador.ValidaPesquisaIndicadoresValorReferenciaTest" tests="0" skipped="0" failures="0" errors="0" timestamp="1970-01-01T00:00:00" hostname="NB-003934" time="0.0">
  <properties/>
  <system-out><![CDATA[E acesso o menu desejado
Acessando IFRAME_PORTAL
IFRAME_PORTAL acessado com sucesso
Acessando Menu: INDICADOR_CADASTROS_INDICADOR
Realizando Captura de Tela
Quando verifico no banco de dados todos os indicadores.
Existem indicadores validos.
Finalizando instancia do Chrome Driver

1 Scenarios (1 undefined)
5 Steps (1 skipped, 1 undefined, 3 passed)
0m16.495s


You can implement missing steps with the snippets below:

@Quando("^pesquiso na tela com um registro válido retornado pelo banco de dados$")
public void pesquiso_na_tela_com_um_registro_válido_retornado_pelo_banco_de_dados() throws Throwable {
    // Write code here that turns the phrase above into concrete actions
    throw new PendingException();
}

]]></system-out>
  <system-err><![CDATA[]]></system-err>
</testsuite>
