<?xml version="1.0" encoding="UTF-8"?>
<testsuite name="Cenario: Valida Pesquisa Indicadores por valor de nome de exibicao" tests="6" skipped="0" failures="0" errors="0" timestamp="2018-09-12T19:24:47" hostname="NB-003934" time="11.279">
  <properties/>
  <testcase name="Dado que acesso o portal de desempenho comercial" classname="Cenario: Valida Pesquisa Indicadores por valor de nome de exibicao" time="0.0"/>
  <testcase name="E acesso o menu desejado" classname="Cenario: Valida Pesquisa Indicadores por valor de nome de exibicao" time="0.0"/>
  <testcase name="Quando verifico no banco de dados todos os indicadores" classname="Cenario: Valida Pesquisa Indicadores por valor de nome de exibicao" time="0.0"/>
  <testcase name="E realizo a pesquisa pelo nome de exibicao de um deles" classname="Cenario: Valida Pesquisa Indicadores por valor de nome de exibicao" time="0.0"/>
  <testcase name="Entao a pesquisa pelo nome de exibicao e realizada com sucesso" classname="Cenario: Valida Pesquisa Indicadores por valor de nome de exibicao" time="0.0"/>
  <testcase name="classMethod" classname="Cenario: Valida Pesquisa Indicadores por valor de nome de exibicao" time="17.409"/>
  <system-out><![CDATA[Iniciando ChromeDriver.
Executando Cenario de Teste: Valida Pesquisa Indicadores por valor de nome de exibicao
Dado que acesso o portal de desempenho comercial
Acessando Portal: http://portal-dcr-ui.k8s.hlg.bancoagiplan.com.br
Realizando Captura de Tela
]]></system-out>
  <system-err><![CDATA[Starting ChromeDriver 2.41.578737 (49da6702b16031c40d63e5618de03a32ff6c197e) on port 39407
Only local connections are allowed.
Sep 12, 2018 4:24:43 PM org.openqa.selenium.remote.ProtocolHandshake createSession
INFO: Detected dialect: OSS
]]></system-err>
</testsuite>
