<?xml version="1.0" encoding="UTF-8"?>
<testsuite name="Test.Dcr.Indicadores.Cadastro.Indicador.ValidaPesquisaIndicadoresNomeExibicaoTest" tests="0" skipped="0" failures="0" errors="0" timestamp="1970-01-01T00:00:00" hostname="NB-003934" time="0.0">
  <properties/>
  <system-out><![CDATA[E acesso o menu desejado
Acessando IFRAME_PORTAL
IFRAME_PORTAL acessado com sucesso
Acessando Menu: INDICADOR_CADASTROS_INDICADOR
Realizando Captura de Tela
Quando verifico no banco de dados todos os indicadores.
Existem indicadores validos.
E realizo a pesquisa pelo nome de exibicao de um deles.
Nome de Exibicao preenchido corretamente.
Pesquisa iniciada.
Entao a pesquisa pelo nome de exibicao e realizada com sucesso.
Resultados da pesquisa exibidos.
Pesquisa realizada com sucesso.
Finalizando instancia do Chrome Driver

1 Scenarios (1 passed)
5 Steps (5 passed)
0m17.407s

]]></system-out>
  <system-err><![CDATA[]]></system-err>
</testsuite>
