<?xml version="1.0" encoding="UTF-8"?>
<testsuite name="Cenario: Valida Navegar para a ultima pagina da pesquisa" tests="6" skipped="0" failures="0" errors="0" timestamp="2018-09-12T19:24:08" hostname="NB-003934" time="13.573">
  <properties/>
  <testcase name="Dado que acesso o portal de desempenho comercial" classname="Cenario: Valida Navegar para a ultima pagina da pesquisa" time="0.0"/>
  <testcase name="E acesso o menu desejado" classname="Cenario: Valida Navegar para a ultima pagina da pesquisa" time="0.0"/>
  <testcase name="Quando pesquiso indicadores sem utilizar filtros" classname="Cenario: Valida Navegar para a ultima pagina da pesquisa" time="0.0"/>
  <testcase name="E avanco para a ultima pagina da pesquisa" classname="Cenario: Valida Navegar para a ultima pagina da pesquisa" time="0.001"/>
  <testcase name="Entao a pagina da pesquisa desejada e exibida" classname="Cenario: Valida Navegar para a ultima pagina da pesquisa" time="0.0"/>
  <testcase name="classMethod" classname="Cenario: Valida Navegar para a ultima pagina da pesquisa" time="20.044"/>
  <system-out><![CDATA[Iniciando ChromeDriver.
Executando Cenario de Teste: Valida Navegar para a ultima pagina da pesquisa
Dado que acesso o portal de desempenho comercial
Acessando Portal: http://portal-dcr-ui.k8s.hlg.bancoagiplan.com.br
Realizando Captura de Tela
]]></system-out>
  <system-err><![CDATA[Starting ChromeDriver 2.41.578737 (49da6702b16031c40d63e5618de03a32ff6c197e) on port 8445
Only local connections are allowed.
Sep 12, 2018 4:24:03 PM org.openqa.selenium.remote.ProtocolHandshake createSession
INFO: Detected dialect: OSS
]]></system-err>
</testsuite>
