<?xml version="1.0" encoding="UTF-8"?>
<testsuite name="Test.Dcr.Indicadores.Cadastro.Indicador.ValidaPaginacaoNavegarPrimeiraPaginaTest" tests="0" skipped="0" failures="0" errors="0" timestamp="1970-01-01T00:00:00" hostname="NB-003934" time="0.0">
  <properties/>
  <system-out><![CDATA[E acesso o menu desejado
Acessando IFRAME_PORTAL
IFRAME_PORTAL acessado com sucesso
Acessando Menu: INDICADOR_CADASTROS_INDICADOR
Realizando Captura de Tela
Quando pesquiso indicadores sem utilizar filtros.
Pesquisa Iniciada.
Pesquisa realizada.
E avanco para a ultima pagina da pesquisa.
Navegao para a tima pgina iniciado.
E volto para a primeira pagina da pesquisa.
Navegao para a primeira pgina iniciado.
Entao a pagina da pesquisa desejada e exibida.
Finalizando instancia do Chrome Driver

Failed scenarios:
src/main/java/Feature/Dcr/Indicadores/Cadastro/Indicador/ValidaPaginacaoNavegarPrimeiraPagina.feature:10 # Cenario: Valida Navegar para a primeira pagina da pesquisa

1 Scenarios (1 failed)
6 Steps (1 failed, 5 passed)
0m19.991s

org.openqa.selenium.StaleElementReferenceException: stale element reference: element is not attached to the page document
  (Session info: chrome=68.0.3440.106)
  (Driver info: chromedriver=2.41.578737 (49da6702b16031c40d63e5618de03a32ff6c197e),platform=Windows NT 10.0.16299 x86_64) (WARNING: The server did not provide any stacktrace information)
Command duration or timeout: 0 milliseconds
For documentation on this error, please visit: http://seleniumhq.org/exceptions/stale_element_reference.html
Build info: version: '3.14.0', revision: 'aacccce0', time: '2018-08-02T20:19:58.91Z'
System info: host: 'NB-003934', ip: '172.19.24.81', os.name: 'Windows 10', os.arch: 'amd64', os.version: '10.0', java.version: '1.8.0_161'
Driver info: org.openqa.selenium.chrome.ChromeDriver
Capabilities {acceptInsecureCerts: false, acceptSslCerts: false, applicationCacheEnabled: false, browserConnectionEnabled: false, browserName: chrome, chrome: {chromedriverVersion: 2.41.578737 (49da6702b16031..., userDataDir: C:\Users\DIEGO~1.COR\AppDat...}, cssSelectorsEnabled: true, databaseEnabled: false, goog:chromeOptions: {debuggerAddress: localhost:62797}, handlesAlerts: true, hasTouchScreen: false, javascriptEnabled: true, locationContextEnabled: true, mobileEmulationEnabled: false, nativeEvents: true, networkConnectionEnabled: false, pageLoadStrategy: normal, platform: XP, platformName: XP, rotatable: false, setWindowRect: true, takesHeapSnapshot: true, takesScreenshot: true, unexpectedAlertBehaviour: , unhandledPromptBehavior: , version: 68.0.3440.106, webStorageEnabled: true}
Session ID: 6b2cd27c20db0277fa99fd64a65b792e
	at sun.reflect.NativeConstructorAccessorImpl.newInstance0(Native Method)
	at sun.reflect.NativeConstructorAccessorImpl.newInstance(NativeConstructorAccessorImpl.java:62)
	at sun.reflect.DelegatingConstructorAccessorImpl.newInstance(DelegatingConstructorAccessorImpl.java:45)
	at java.lang.reflect.Constructor.newInstance(Constructor.java:423)
	at org.openqa.selenium.remote.ErrorHandler.createThrowable(ErrorHandler.java:214)
	at org.openqa.selenium.remote.ErrorHandler.throwIfResponseFailed(ErrorHandler.java:166)
	at org.openqa.selenium.remote.http.JsonHttpResponseCodec.reconstructValue(JsonHttpResponseCodec.java:40)
	at org.openqa.selenium.remote.http.AbstractHttpResponseCodec.decode(AbstractHttpResponseCodec.java:80)
	at org.openqa.selenium.remote.http.AbstractHttpResponseCodec.decode(AbstractHttpResponseCodec.java:44)
	at org.openqa.selenium.remote.HttpCommandExecutor.execute(HttpCommandExecutor.java:158)
	at org.openqa.selenium.remote.service.DriverCommandExecutor.execute(DriverCommandExecutor.java:83)
	at org.openqa.selenium.remote.RemoteWebDriver.execute(RemoteWebDriver.java:548)
	at org.openqa.selenium.remote.RemoteWebElement.execute(RemoteWebElement.java:276)
	at org.openqa.selenium.remote.RemoteWebElement.getText(RemoteWebElement.java:160)
	at Pages.CadastroIndicadoresDcrPage.getResultadosPaginaAtual(CadastroIndicadoresDcrPage.java:253)
	at Steps.CadastroIndicadoresDcrSteps.validaAvancoPaginacao(CadastroIndicadoresDcrSteps.java:377)
	at ?.Entao a pagina da pesquisa desejada e exibida(src/main/java/Feature/Dcr/Indicadores/Cadastro/Indicador/ValidaPaginacaoNavegarPrimeiraPagina.feature:14)

]]></system-out>
  <system-err><![CDATA[]]></system-err>
</testsuite>
